<?xml version="1.0" encoding="UTF-8"?><testsuite name="nosetests" tests="223" errors="0" failures="0" skip="0"><testcase classname="automation.test_cases.service.gatekeeper.test_gatekeeper_application_api.TestGateApplicationAPI" name="test_app_api_create_missing_params" time="0.787"></testcase><testcase classname="automation.test_cases.service.gatekeeper.test_gatekeeper_application_api.TestGateApplicationAPI" name="test_app_api_data_validation_individual" time="1.117"></testcase><testcase classname="automation.test_cases.service.gatekeeper.test_gatekeeper_application_api.TestGateApplicationAPI" name="test_application_api_create" time="0.659"></testcase><testcase classname="automation.test_cases.service.gatekeeper.test_gatekeeper_application_api.TestGateApplicationAPI" name="test_application_api_create_dup_name" time="0.899"></testcase><testcase classname="automation.test_cases.service.gatekeeper.test_gatekeeper_application_api.TestGateApplicationAPI" name="test_application_api_create_json" time="0.936"></testcase><testcase classname="automation.test_cases.service.gatekeeper.test_gatekeeper_application_api.TestGateApplicationAPI" name="test_application_api_create_no_data" time="0.758"></testcase><testcase classname="automation.test_cases.service.gatekeeper.test_gatekeeper_application_api.TestGateApplicationAPI" name="test_application_api_data_validation_multiple" time="0.776"></testcase><testcase classname="automation.test_cases.service.gatekeeper.test_gatekeeper_application_api.TestGateApplicationAPI" name="test_application_api_delete" time="0.876"></testcase><testcase classname="automation.test_cases.service.gatekeeper.test_gatekeeper_application_api.TestGateApplicationAPI" name="test_application_api_delete_gk_app" time="0.553"></testcase><testcase classname="automation.test_cases.service.gatekeeper.test_gatekeeper_application_api.TestGateApplicationAPI" name="test_application_api_delete_not_existant_app_id" time="0.525"></testcase><testcase classname="automation.test_cases.service.gatekeeper.test_gatekeeper_application_api.TestGateApplicationAPI" name="test_application_api_read" time="0.807"></testcase><testcase classname="automation.test_cases.service.gatekeeper.test_gatekeeper_application_api.TestGateApplicationAPI" name="test_application_api_read_not_existant_app_id" time="0.522"></testcase><testcase classname="automation.test_cases.service.gatekeeper.test_gatekeeper_application_api.TestGateApplicationAPI" name="test_application_api_update" time="0.784"></testcase><testcase classname="automation.test_cases.service.gatekeeper.test_gatekeeper_application_api.TestGateApplicationAPI" name="test_application_api_update_dup_name" time="1.062"></testcase><testcase classname="automation.test_cases.service.gatekeeper.test_gatekeeper_application_api.TestGateApplicationAPI" name="test_application_api_update_individually" time="1.003"></testcase><testcase classname="automation.test_cases.service.gatekeeper.test_gatekeeper_application_api.TestGateApplicationAPI" name="test_application_api_update_not_existant_app_id" time="0.779"></testcase><testcase classname="automation.test_cases.service.gatekeeper.test_gatekeeper_applications_api.TestGateUsersAPI" name="test_users_api" time="1.639"></testcase><testcase classname="automation.test_cases.service.gatekeeper.test_gatekeeper_applications_api.TestGateUsersAPI" name="test_users_api_name_filter" time="0.974"></testcase><testcase classname="automation.test_cases.service.gatekeeper.test_gatekeeper_applications_api.TestGateUsersAPI" name="test_users_api_name_filter_invalid_name" time="0.552"></testcase><testcase classname="automation.test_cases.service.gatekeeper.test_gatekeeper_changepassword.TestGateKeeperRecoverAccount" name="test_change_password" time="5.036"></testcase><testcase classname="automation.test_cases.service.gatekeeper.test_gatekeeper_changepassword.TestGateKeeperRecoverAccount" name="test_change_password_no_pswd_provided" time="1.457"></testcase><testcase classname="automation.test_cases.service.gatekeeper.test_gatekeeper_changepassword.TestGateKeeperRecoverAccount" name="test_change_password_pswd_validation" time="1.706"></testcase><testcase classname="automation.test_cases.service.gatekeeper.test_gatekeeper_changepassword.TestGateKeeperRecoverAccount" name="test_change_password_simple_flow" time="2.081"></testcase><testcase classname="automation.test_cases.service.gatekeeper.test_gatekeeper_functional_tests.TestGateKeeperFunctional" name="test_access_url_default_redirect" time="0.557"></testcase><testcase classname="automation.test_cases.service.gatekeeper.test_gatekeeper_functional_tests.TestGateKeeperFunctional" name="test_access_url_with_invalid_cookie" time="0.665"></testcase><testcase classname="automation.test_cases.service.gatekeeper.test_gatekeeper_functional_tests.TestGateKeeperFunctional" name="test_expired_client_cookie" time="0.872"></testcase><testcase classname="automation.test_cases.service.gatekeeper.test_gatekeeper_functional_tests.TestGateKeeperFunctional" name="test_expired_server_cookie" time="1.499"></testcase><testcase classname="automation.test_cases.service.gatekeeper.test_gatekeeper_functional_tests.TestGateKeeperFunctional" name="test_header_verification_urlencoded_session" time="0.685"></testcase><testcase classname="automation.test_cases.service.gatekeeper.test_gatekeeper_functional_tests.TestGateKeeperFunctional" name="test_invalid_gk_endpoint" time="1.024"></testcase><testcase classname="automation.test_cases.service.gatekeeper.test_gatekeeper_functional_tests.TestGateKeeperFunctional" name="test_session_concurrency" time="9.581"></testcase><testcase classname="automation.test_cases.service.gatekeeper.test_gatekeeper_functional_tests.TestGateKeeperFunctional" name="test_validate_group_access_gk_route" time="2.853"></testcase><testcase classname="automation.test_cases.service.gatekeeper.test_gatekeeper_functional_tests.TestGateKeeperFunctional" name="test_validate_user_access_gk_route" time="2.099"></testcase><testcase classname="automation.test_cases.service.gatekeeper.test_gatekeeper_functional_tests.TestGateKeeperFunctional" name="test_validate_user_with_no_access_for_app" time="1.328"></testcase><testcase classname="automation.test_cases.service.gatekeeper.test_gatekeeper_group_api.TestGateGroupAPI" name="test_group_api_create" time="1.564"></testcase><testcase classname="automation.test_cases.service.gatekeeper.test_gatekeeper_group_api.TestGateGroupAPI" name="test_group_api_create_duplicate_group_name" time="1.406"></testcase><testcase classname="automation.test_cases.service.gatekeeper.test_gatekeeper_group_api.TestGateGroupAPI" name="test_group_api_create_invalid_data" time="1.251"></testcase><testcase classname="automation.test_cases.service.gatekeeper.test_gatekeeper_group_api.TestGateGroupAPI" name="test_group_api_create_json" time="1.391"></testcase><testcase classname="automation.test_cases.service.gatekeeper.test_gatekeeper_group_api.TestGateGroupAPI" name="test_group_api_create_no_data" time="1.302"></testcase><testcase classname="automation.test_cases.service.gatekeeper.test_gatekeeper_group_api.TestGateGroupAPI" name="test_group_api_data_validation" time="1.726"></testcase><testcase classname="automation.test_cases.service.gatekeeper.test_gatekeeper_group_api.TestGateGroupAPI" name="test_group_api_delete" time="1.364"></testcase><testcase classname="automation.test_cases.service.gatekeeper.test_gatekeeper_group_api.TestGateGroupAPI" name="test_group_api_read" time="1.127"></testcase><testcase classname="automation.test_cases.service.gatekeeper.test_gatekeeper_group_api.TestGateGroupAPI" name="test_group_api_read_non_existant_group_id" time="0.825"></testcase><testcase classname="automation.test_cases.service.gatekeeper.test_gatekeeper_group_api.TestGateGroupAPI" name="test_group_api_update" time="2.521"></testcase><testcase classname="automation.test_cases.service.gatekeeper.test_gatekeeper_group_api.TestGateGroupAPI" name="test_group_api_update_duplicate_name" time="1.807"></testcase><testcase classname="automation.test_cases.service.gatekeeper.test_gatekeeper_group_api.TestGateGroupAPI" name="test_group_api_update_non_existant_group_id" time="0.944"></testcase><testcase classname="automation.test_cases.service.gatekeeper.test_gatekeeper_group_app_assocation_api.TestGateGrpAppAssocationAPI" name="test_grp_app_assoc_api_create" time="1.681"></testcase><testcase classname="automation.test_cases.service.gatekeeper.test_gatekeeper_group_app_assocation_api.TestGateGrpAppAssocationAPI" name="test_grp_app_assoc_api_create_dup" time="1.153"></testcase><testcase classname="automation.test_cases.service.gatekeeper.test_gatekeeper_group_app_assocation_api.TestGateGrpAppAssocationAPI" name="test_grp_app_assoc_api_del_no_data" time="0.473"></testcase><testcase classname="automation.test_cases.service.gatekeeper.test_gatekeeper_group_app_assocation_api.TestGateGrpAppAssocationAPI" name="test_grp_app_assoc_api_del_not_exist" time="1.308"></testcase><testcase classname="automation.test_cases.service.gatekeeper.test_gatekeeper_group_app_assocation_api.TestGateGrpAppAssocationAPI" name="test_grp_app_assoc_api_delete" time="0.893"></testcase><testcase classname="automation.test_cases.service.gatekeeper.test_gatekeeper_group_app_assocation_api.TestGateGrpAppAssocationAPI" name="test_grp_app_assoc_api_miss_params" time="1.182"></testcase><testcase classname="automation.test_cases.service.gatekeeper.test_gatekeeper_group_app_assocation_api.TestGateGrpAppAssocationAPI" name="test_grp_app_assoc_api_no_data" time="0.678"></testcase><testcase classname="automation.test_cases.service.gatekeeper.test_gatekeeper_group_app_assocation_api.TestGateGrpAppAssocationAPI" name="test_grp_app_assoc_api_no_update" time="0.971"></testcase><testcase classname="automation.test_cases.service.gatekeeper.test_gatekeeper_group_app_assocation_api.TestGateGrpAppAssocationAPI" name="test_grp_app_assoc_api_read" time="0.902"></testcase><testcase classname="automation.test_cases.service.gatekeeper.test_gatekeeper_group_app_assocation_api.TestGateGrpAppAssocationAPI" name="test_grp_app_assoc_api_read_no_data" time="0.494"></testcase><testcase classname="automation.test_cases.service.gatekeeper.test_gatekeeper_group_app_assocation_api.TestGateGrpAppAssocationAPI" name="test_grp_app_assoc_api_read_not_exis" time="1.075"></testcase><testcase classname="automation.test_cases.service.gatekeeper.test_gatekeeper_group_applications_listing.TestGatekeeperUsersListingAPI" name="test_grp_apps_api" time="0.767"></testcase><testcase classname="automation.test_cases.service.gatekeeper.test_gatekeeper_group_applications_listing.TestGatekeeperUsersListingAPI" name="test_grp_apps_filter" time="1.150"></testcase><testcase classname="automation.test_cases.service.gatekeeper.test_gatekeeper_group_applications_listing.TestGatekeeperUsersListingAPI" name="test_users_apps_api_filter_invalid_data" time="1.482"></testcase><testcase classname="automation.test_cases.service.gatekeeper.test_gatekeeper_group_applications_listing.TestGatekeeperUsersListingAPI" name="test_users_apps_api_filter_no_data" time="1.221"></testcase><testcase classname="automation.test_cases.service.gatekeeper.test_gatekeeper_group_permission_assocaition_api.TestGateGrpPermAssociationAPI" name="test_grp_perm_assoc_api_create" time="1.047"></testcase><testcase classname="automation.test_cases.service.gatekeeper.test_gatekeeper_group_permission_assocaition_api.TestGateGrpPermAssociationAPI" name="test_grp_perm_assoc_api_create_dup" time="1.064"></testcase><testcase classname="automation.test_cases.service.gatekeeper.test_gatekeeper_group_permission_assocaition_api.TestGateGrpPermAssociationAPI" name="test_grp_perm_assoc_api_del_no_data" time="0.498"></testcase><testcase classname="automation.test_cases.service.gatekeeper.test_gatekeeper_group_permission_assocaition_api.TestGateGrpPermAssociationAPI" name="test_grp_perm_assoc_api_del_not_exist" time="1.357"></testcase><testcase classname="automation.test_cases.service.gatekeeper.test_gatekeeper_group_permission_assocaition_api.TestGateGrpPermAssociationAPI" name="test_grp_perm_assoc_api_delete" time="1.016"></testcase><testcase classname="automation.test_cases.service.gatekeeper.test_gatekeeper_group_permission_assocaition_api.TestGateGrpPermAssociationAPI" name="test_grp_perm_assoc_api_miss_params" time="1.722"></testcase><testcase classname="automation.test_cases.service.gatekeeper.test_gatekeeper_group_permission_assocaition_api.TestGateGrpPermAssociationAPI" name="test_grp_perm_assoc_api_no_data" time="0.696"></testcase><testcase classname="automation.test_cases.service.gatekeeper.test_gatekeeper_group_permission_assocaition_api.TestGateGrpPermAssociationAPI" name="test_grp_perm_assoc_api_no_update" time="1.051"></testcase><testcase classname="automation.test_cases.service.gatekeeper.test_gatekeeper_group_permission_assocaition_api.TestGateGrpPermAssociationAPI" name="test_grp_perm_assoc_api_read" time="1.029"></testcase><testcase classname="automation.test_cases.service.gatekeeper.test_gatekeeper_group_permission_assocaition_api.TestGateGrpPermAssociationAPI" name="test_grp_perm_assoc_api_read_no_data" time="0.504"></testcase><testcase classname="automation.test_cases.service.gatekeeper.test_gatekeeper_group_permission_assocaition_api.TestGateGrpPermAssociationAPI" name="test_grp_perm_assoc_api_read_not_exist" time="1.433"></testcase><testcase classname="automation.test_cases.service.gatekeeper.test_gatekeeper_group_permissions_listing.TestGateKeeperUsersGroupsListingAPI" name="test_grp_perms_api" time="0.572"></testcase><testcase classname="automation.test_cases.service.gatekeeper.test_gatekeeper_group_permissions_listing.TestGateKeeperUsersGroupsListingAPI" name="test_grp_perms_filter" time="1.569"></testcase><testcase classname="automation.test_cases.service.gatekeeper.test_gatekeeper_group_permissions_listing.TestGateKeeperUsersGroupsListingAPI" name="test_users_apps_api_filter_invalid_data" time="1.518"></testcase><testcase classname="automation.test_cases.service.gatekeeper.test_gatekeeper_group_permissions_listing.TestGateKeeperUsersGroupsListingAPI" name="test_users_apps_api_filter_no_data" time="1.565"></testcase><testcase classname="automation.test_cases.service.gatekeeper.test_gatekeeper_groups_api.TestGateUsersAPI" name="test_groups_api" time="1.235"></testcase><testcase classname="automation.test_cases.service.gatekeeper.test_gatekeeper_groups_api.TestGateUsersAPI" name="test_groups_api_name_filter" time="1.009"></testcase><testcase classname="automation.test_cases.service.gatekeeper.test_gatekeeper_groups_api.TestGateUsersAPI" name="test_groups_api_name_filter_invalid_name" time="0.728"></testcase><testcase classname="automation.test_cases.service.gatekeeper.test_gatekeeper_login_uri.TestGateKeeperLoginURI" name="test_can_login_default_redirect" time="0.819"></testcase><testcase classname="automation.test_cases.service.gatekeeper.test_gatekeeper_login_uri.TestGateKeeperLoginURI" name="test_can_login_default_redirect_json" time="3.952"></testcase><testcase classname="automation.test_cases.service.gatekeeper.test_gatekeeper_login_uri.TestGateKeeperLoginURI" name="test_login_default_redirect_validate_url" time="0.720"></testcase><testcase classname="automation.test_cases.service.gatekeeper.test_gatekeeper_login_uri.TestGateKeeperLoginURI" name="test_login_with_invalid_data" time="1.950"></testcase><testcase classname="automation.test_cases.service.gatekeeper.test_gatekeeper_login_uri.TestGateKeeperLoginURI" name="test_login_with_no_data" time="0.601"></testcase><testcase classname="automation.test_cases.service.gatekeeper.test_gatekeeper_logout_uri.TestGateKeeperLogoutURI" name="test_can_logout_default_redirect" time="0.669"></testcase><testcase classname="automation.test_cases.service.gatekeeper.test_gatekeeper_logout_uri.TestGateKeeperLogoutURI" name="test_can_logout_get" time="0.737"></testcase><testcase classname="automation.test_cases.service.gatekeeper.test_gatekeeper_organization_api.TestGatekeeperOrgAPI" name="test_org_api_create" time="1.114"></testcase><testcase classname="automation.test_cases.service.gatekeeper.test_gatekeeper_organization_api.TestGatekeeperOrgAPI" name="test_org_api_create_duplicate_orgname" time="0.855"></testcase><testcase classname="automation.test_cases.service.gatekeeper.test_gatekeeper_organization_api.TestGatekeeperOrgAPI" name="test_org_api_create_invalid_data" time="0.776"></testcase><testcase classname="automation.test_cases.service.gatekeeper.test_gatekeeper_organization_api.TestGatekeeperOrgAPI" name="test_org_api_create_json" time="0.889"></testcase><testcase classname="automation.test_cases.service.gatekeeper.test_gatekeeper_organization_api.TestGatekeeperOrgAPI" name="test_org_api_create_no_data" time="0.533"></testcase><testcase classname="automation.test_cases.service.gatekeeper.test_gatekeeper_organization_api.TestGatekeeperOrgAPI" name="test_org_api_data_validation" time="1.030"></testcase><testcase classname="automation.test_cases.service.gatekeeper.test_gatekeeper_organization_api.TestGatekeeperOrgAPI" name="test_org_api_delete" time="0.981"></testcase><testcase classname="automation.test_cases.service.gatekeeper.test_gatekeeper_organization_api.TestGatekeeperOrgAPI" name="test_org_api_delete_aam_org" time="0.731"></testcase><testcase classname="automation.test_cases.service.gatekeeper.test_gatekeeper_organization_api.TestGatekeeperOrgAPI" name="test_org_api_read" time="1.056"></testcase><testcase classname="automation.test_cases.service.gatekeeper.test_gatekeeper_organization_api.TestGatekeeperOrgAPI" name="test_org_api_read_non_existant_org_id" time="0.560"></testcase><testcase classname="automation.test_cases.service.gatekeeper.test_gatekeeper_organization_api.TestGatekeeperOrgAPI" name="test_org_api_update" time="0.766"></testcase><testcase classname="automation.test_cases.service.gatekeeper.test_gatekeeper_organization_api.TestGatekeeperOrgAPI" name="test_org_api_update_duplicate_name" time="1.215"></testcase><testcase classname="automation.test_cases.service.gatekeeper.test_gatekeeper_organization_api.TestGatekeeperOrgAPI" name="test_org_api_update_non_existant_org_id" time="0.761"></testcase><testcase classname="automation.test_cases.service.gatekeeper.test_gatekeeper_organizations_api.TestGateUsersAPI" name="test_orgs_api" time="0.869"></testcase><testcase classname="automation.test_cases.service.gatekeeper.test_gatekeeper_organizations_api.TestGateUsersAPI" name="test_orgs_api_name_filter" time="1.038"></testcase><testcase classname="automation.test_cases.service.gatekeeper.test_gatekeeper_organizations_api.TestGateUsersAPI" name="test_orgs_api_name_filter_invalid_name" time="0.704"></testcase><testcase classname="automation.test_cases.service.gatekeeper.test_gatekeeper_permission.TestGatePermissionAPI" name="test_org_api_delete_gk_permisssion" time="0.758"></testcase><testcase classname="automation.test_cases.service.gatekeeper.test_gatekeeper_permission.TestGatePermissionAPI" name="test_permission_api_create" time="0.997"></testcase><testcase classname="automation.test_cases.service.gatekeeper.test_gatekeeper_permission.TestGatePermissionAPI" name="test_permission_api_create_json" time="0.955"></testcase><testcase classname="automation.test_cases.service.gatekeeper.test_gatekeeper_permission.TestGatePermissionAPI" name="test_permission_api_create_missing_params" time="1.049"></testcase><testcase classname="automation.test_cases.service.gatekeeper.test_gatekeeper_permission.TestGatePermissionAPI" name="test_permission_api_create_no_data" time="0.726"></testcase><testcase classname="automation.test_cases.service.gatekeeper.test_gatekeeper_permission.TestGatePermissionAPI" name="test_permission_api_delete" time="2.083"></testcase><testcase classname="automation.test_cases.service.gatekeeper.test_gatekeeper_permission.TestGatePermissionAPI" name="test_permission_api_duplicate_name" time="1.458"></testcase><testcase classname="automation.test_cases.service.gatekeeper.test_gatekeeper_permission.TestGatePermissionAPI" name="test_permission_api_duplicate_name_app" time="1.168"></testcase><testcase classname="automation.test_cases.service.gatekeeper.test_gatekeeper_permission.TestGatePermissionAPI" name="test_permission_api_read" time="1.171"></testcase><testcase classname="automation.test_cases.service.gatekeeper.test_gatekeeper_permission.TestGatePermissionAPI" name="test_permission_api_read_non_exist_id" time="0.745"></testcase><testcase classname="automation.test_cases.service.gatekeeper.test_gatekeeper_permission.TestGatePermissionAPI" name="test_permission_api_update" time="1.364"></testcase><testcase classname="automation.test_cases.service.gatekeeper.test_gatekeeper_permission.TestGatePermissionAPI" name="test_permission_api_update_duplicate_name" time="1.339"></testcase><testcase classname="automation.test_cases.service.gatekeeper.test_gatekeeper_permission.TestGatePermissionAPI" name="test_permission_api_update_individually" time="1.318"></testcase><testcase classname="automation.test_cases.service.gatekeeper.test_gatekeeper_permission.TestGatePermissionAPI" name="test_permission_api_update_invalid_app_id" time="0.976"></testcase><testcase classname="automation.test_cases.service.gatekeeper.test_gatekeeper_permission.TestGatePermissionAPI" name="test_permission_api_update_invalid_perms_id" time="0.711"></testcase><testcase classname="automation.test_cases.service.gatekeeper.test_gatekeeper_permission.TestGatePermissionAPI" name="test_perms_api_data_validation_individual" time="1.827"></testcase><testcase classname="automation.test_cases.service.gatekeeper.test_gatekeeper_permission.TestGatePermissionAPI" name="test_perms_api_data_validation_multiple" time="0.891"></testcase><testcase classname="automation.test_cases.service.gatekeeper.test_gatekeeper_permissions.TestGatePermissionsAPI" name="test_permissions_api" time="2.928"></testcase><testcase classname="automation.test_cases.service.gatekeeper.test_gatekeeper_permissions.TestGatePermissionsAPI" name="test_permissions_api_name_filter" time="1.174"></testcase><testcase classname="automation.test_cases.service.gatekeeper.test_gatekeeper_permissions.TestGatePermissionsAPI" name="test_perms_api_name_filter_invalid_name" time="0.718"></testcase><testcase classname="automation.test_cases.service.gatekeeper.test_gatekeeper_recoveraccount.TestGateKeeperRecoverAccount" name="test_can_recover_acc_email_not_provided" time="0.038"></testcase><testcase classname="automation.test_cases.service.gatekeeper.test_gatekeeper_recoveraccount.TestGateKeeperRecoverAccount" name="test_can_recover_acc_empty_email" time="0.937"></testcase><testcase classname="automation.test_cases.service.gatekeeper.test_gatekeeper_recoveraccount.TestGateKeeperRecoverAccount" name="test_can_recover_account" time="1.079"></testcase><testcase classname="automation.test_cases.service.gatekeeper.test_gatekeeper_recoveraccount.TestGateKeeperRecoverAccount" name="test_can_recover_account_email_no_exits" time="0.301"></testcase><testcase classname="automation.test_cases.service.gatekeeper.test_gatekeeper_user_api.TestGateUserAPI" name="test_user_api_create" time="0.960"></testcase><testcase classname="automation.test_cases.service.gatekeeper.test_gatekeeper_user_api.TestGateUserAPI" name="test_user_api_create_duplicate_fields" time="1.419"></testcase><testcase classname="automation.test_cases.service.gatekeeper.test_gatekeeper_user_api.TestGateUserAPI" name="test_user_api_create_json" time="1.032"></testcase><testcase classname="automation.test_cases.service.gatekeeper.test_gatekeeper_user_api.TestGateUserAPI" name="test_user_api_create_missing_params" time="1.124"></testcase><testcase classname="automation.test_cases.service.gatekeeper.test_gatekeeper_user_api.TestGateUserAPI" name="test_user_api_create_no_data" time="0.612"></testcase><testcase classname="automation.test_cases.service.gatekeeper.test_gatekeeper_user_api.TestGateUserAPI" name="test_user_api_delete" time="1.172"></testcase><testcase classname="automation.test_cases.service.gatekeeper.test_gatekeeper_user_api.TestGateUserAPI" name="test_user_api_delete_admin_delete_itself" time="0.667"></testcase><testcase classname="automation.test_cases.service.gatekeeper.test_gatekeeper_user_api.TestGateUserAPI" name="test_user_api_read" time="0.797"></testcase><testcase classname="automation.test_cases.service.gatekeeper.test_gatekeeper_user_api.TestGateUserAPI" name="test_user_api_read_existant_user_id" time="0.800"></testcase><testcase classname="automation.test_cases.service.gatekeeper.test_gatekeeper_user_api.TestGateUserAPI" name="test_user_api_read_non_existant_user_id" time="0.610"></testcase><testcase classname="automation.test_cases.service.gatekeeper.test_gatekeeper_user_api.TestGateUserAPI" name="test_user_api_update" time="1.545"></testcase><testcase classname="automation.test_cases.service.gatekeeper.test_gatekeeper_user_api.TestGateUserAPI" name="test_user_api_update_duplicate_fields" time="2.139"></testcase><testcase classname="automation.test_cases.service.gatekeeper.test_gatekeeper_user_api.TestGateUserAPI" name="test_user_api_update_individually" time="2.018"></testcase><testcase classname="automation.test_cases.service.gatekeeper.test_gatekeeper_user_api.TestGateUserAPI" name="test_user_api_update_non_existant_user_id" time="1.008"></testcase><testcase classname="automation.test_cases.service.gatekeeper.test_gatekeeper_user_api.TestGateUserAPI" name="test_user_api_user_login" time="2.679"></testcase><testcase classname="automation.test_cases.service.gatekeeper.test_gatekeeper_user_api.TestGateUserAPI" name="test_user_data_validation_individual" time="2.223"></testcase><testcase classname="automation.test_cases.service.gatekeeper.test_gatekeeper_user_api.TestGateUserAPI" name="test_user_data_validation_multiple_fields" time="1.101"></testcase><testcase classname="automation.test_cases.service.gatekeeper.test_gatekeeper_user_application_api_display.TestGateKeeperUserApplicationAPI" name="test_user_app_and_auth_app_perms" time="2.353"></testcase><testcase classname="automation.test_cases.service.gatekeeper.test_gatekeeper_user_application_api_display.TestGateKeeperUserApplicationAPI" name="test_user_app_and_auth_group_perms" time="2.850"></testcase><testcase classname="automation.test_cases.service.gatekeeper.test_gatekeeper_user_application_api_display.TestGateKeeperUserApplicationAPI" name="test_user_app_and_auth_user_perms" time="2.851"></testcase><testcase classname="automation.test_cases.service.gatekeeper.test_gatekeeper_user_application_api_display.TestGateKeeperUserApplicationAPI" name="test_user_app_and_no_gp_app_association" time="3.157"></testcase><testcase classname="automation.test_cases.service.gatekeeper.test_gatekeeper_user_application_api_display.TestGateKeeperUserApplicationAPI" name="test_user_app_and_org" time="2.699"></testcase><testcase classname="automation.test_cases.service.gatekeeper.test_gatekeeper_user_application_api_display.TestGateKeeperUserApplicationAPI" name="test_user_app_invalid_application" time="3.006"></testcase><testcase classname="automation.test_cases.service.gatekeeper.test_gatekeeper_user_application_api_display.TestGateKeeperUserApplicationAPI" name="test_user_app_invalid_cookie_session" time="2.930"></testcase><testcase classname="automation.test_cases.service.gatekeeper.test_gatekeeper_user_application_api_display.TestGateKeeperUserApplicationAPI" name="test_user_app_invalid_user_id" time="5.136"></testcase><testcase classname="automation.test_cases.service.gatekeeper.test_gatekeeper_user_application_api_display.TestGateKeeperUserApplicationAPI" name="test_user_app_with_no_application_name" time="0.700"></testcase><testcase classname="automation.test_cases.service.gatekeeper.test_gatekeeper_user_application_api_display.TestGateKeeperUserApplicationAPI" name="test_user_app_with_no_args" time="0.634"></testcase><testcase classname="automation.test_cases.service.gatekeeper.test_gatekeeper_user_application_api_display.TestGateKeeperUserApplicationAPI" name="test_user_app_with_no_user_id" time="2.781"></testcase><testcase classname="automation.test_cases.service.gatekeeper.test_gatekeeper_user_application_association_api.TestGateUserAppAssocationAPI" name="test_user_app_assoc_api_create" time="1.117"></testcase><testcase classname="automation.test_cases.service.gatekeeper.test_gatekeeper_user_application_association_api.TestGateUserAppAssocationAPI" name="test_user_app_assoc_api_create_dup" time="1.160"></testcase><testcase classname="automation.test_cases.service.gatekeeper.test_gatekeeper_user_application_association_api.TestGateUserAppAssocationAPI" name="test_user_app_assoc_api_del_no_data" time="0.486"></testcase><testcase classname="automation.test_cases.service.gatekeeper.test_gatekeeper_user_application_association_api.TestGateUserAppAssocationAPI" name="test_user_app_assoc_api_del_not_exist" time="1.521"></testcase><testcase classname="automation.test_cases.service.gatekeeper.test_gatekeeper_user_application_association_api.TestGateUserAppAssocationAPI" name="test_user_app_assoc_api_delete" time="1.418"></testcase><testcase classname="automation.test_cases.service.gatekeeper.test_gatekeeper_user_application_association_api.TestGateUserAppAssocationAPI" name="test_user_app_assoc_api_miss_params" time="1.838"></testcase><testcase classname="automation.test_cases.service.gatekeeper.test_gatekeeper_user_application_association_api.TestGateUserAppAssocationAPI" name="test_user_app_assoc_api_no_data" time="0.713"></testcase><testcase classname="automation.test_cases.service.gatekeeper.test_gatekeeper_user_application_association_api.TestGateUserAppAssocationAPI" name="test_user_app_assoc_api_no_update" time="1.391"></testcase><testcase classname="automation.test_cases.service.gatekeeper.test_gatekeeper_user_application_association_api.TestGateUserAppAssocationAPI" name="test_user_app_assoc_api_read" time="1.494"></testcase><testcase classname="automation.test_cases.service.gatekeeper.test_gatekeeper_user_application_association_api.TestGateUserAppAssocationAPI" name="test_user_app_assoc_api_read_no_data" time="0.646"></testcase><testcase classname="automation.test_cases.service.gatekeeper.test_gatekeeper_user_application_association_api.TestGateUserAppAssocationAPI" name="test_user_app_assoc_api_read_not_exis" time="1.828"></testcase><testcase classname="automation.test_cases.service.gatekeeper.test_gatekeeper_user_applications_listing.TestGateKeeperUsersAppsListingAPI" name="test_user_apps_api" time="1.405"></testcase><testcase classname="automation.test_cases.service.gatekeeper.test_gatekeeper_user_applications_listing.TestGateKeeperUsersAppsListingAPI" name="test_user_apps_filter" time="1.646"></testcase><testcase classname="automation.test_cases.service.gatekeeper.test_gatekeeper_user_applications_listing.TestGateKeeperUsersAppsListingAPI" name="test_users_apps_api_filter_invalid_data" time="1.634"></testcase><testcase classname="automation.test_cases.service.gatekeeper.test_gatekeeper_user_applications_listing.TestGateKeeperUsersAppsListingAPI" name="test_users_apps_api_filter_no_data" time="3.995"></testcase><testcase classname="automation.test_cases.service.gatekeeper.test_gatekeeper_user_group_assocaition_api.TestGateUserAppAssocationAPI" name="test_user_grp_assoc_api_create" time="1.381"></testcase><testcase classname="automation.test_cases.service.gatekeeper.test_gatekeeper_user_group_assocaition_api.TestGateUserAppAssocationAPI" name="test_user_grp_assoc_api_create_dup" time="1.131"></testcase><testcase classname="automation.test_cases.service.gatekeeper.test_gatekeeper_user_group_assocaition_api.TestGateUserAppAssocationAPI" name="test_user_grp_assoc_api_del_no_data" time="0.653"></testcase><testcase classname="automation.test_cases.service.gatekeeper.test_gatekeeper_user_group_assocaition_api.TestGateUserAppAssocationAPI" name="test_user_grp_assoc_api_del_not_exist" time="1.446"></testcase><testcase classname="automation.test_cases.service.gatekeeper.test_gatekeeper_user_group_assocaition_api.TestGateUserAppAssocationAPI" name="test_user_grp_assoc_api_delete" time="1.380"></testcase><testcase classname="automation.test_cases.service.gatekeeper.test_gatekeeper_user_group_assocaition_api.TestGateUserAppAssocationAPI" name="test_user_grp_assoc_api_miss_params" time="1.822"></testcase><testcase classname="automation.test_cases.service.gatekeeper.test_gatekeeper_user_group_assocaition_api.TestGateUserAppAssocationAPI" name="test_user_grp_assoc_api_no_data" time="0.555"></testcase><testcase classname="automation.test_cases.service.gatekeeper.test_gatekeeper_user_group_assocaition_api.TestGateUserAppAssocationAPI" name="test_user_grp_assoc_api_no_update" time="1.470"></testcase><testcase classname="automation.test_cases.service.gatekeeper.test_gatekeeper_user_group_assocaition_api.TestGateUserAppAssocationAPI" name="test_user_grp_assoc_api_read" time="1.495"></testcase><testcase classname="automation.test_cases.service.gatekeeper.test_gatekeeper_user_group_assocaition_api.TestGateUserAppAssocationAPI" name="test_user_grp_assoc_api_read_no_data" time="0.664"></testcase><testcase classname="automation.test_cases.service.gatekeeper.test_gatekeeper_user_group_assocaition_api.TestGateUserAppAssocationAPI" name="test_user_grp_assoc_api_read_not_exis" time="1.500"></testcase><testcase classname="automation.test_cases.service.gatekeeper.test_gatekeeper_user_groups_listing.TestGateKeeperUsersGroupsListingAPI" name="test_user_grps_api" time="0.811"></testcase><testcase classname="automation.test_cases.service.gatekeeper.test_gatekeeper_user_groups_listing.TestGateKeeperUsersGroupsListingAPI" name="test_user_grps_filter" time="1.481"></testcase><testcase classname="automation.test_cases.service.gatekeeper.test_gatekeeper_user_groups_listing.TestGateKeeperUsersGroupsListingAPI" name="test_users_apps_api_filter_invalid_data" time="1.632"></testcase><testcase classname="automation.test_cases.service.gatekeeper.test_gatekeeper_user_groups_listing.TestGateKeeperUsersGroupsListingAPI" name="test_users_apps_api_filter_no_data" time="1.513"></testcase><testcase classname="automation.test_cases.service.gatekeeper.test_gatekeeper_user_organization_assocation_api.TestGateUserAppAssocationAPI" name="test_user_org_assoc_api_create" time="1.328"></testcase><testcase classname="automation.test_cases.service.gatekeeper.test_gatekeeper_user_organization_assocation_api.TestGateUserAppAssocationAPI" name="test_user_org_assoc_api_create_dup" time="1.437"></testcase><testcase classname="automation.test_cases.service.gatekeeper.test_gatekeeper_user_organization_assocation_api.TestGateUserAppAssocationAPI" name="test_user_org_assoc_api_del_no_data" time="0.620"></testcase><testcase classname="automation.test_cases.service.gatekeeper.test_gatekeeper_user_organization_assocation_api.TestGateUserAppAssocationAPI" name="test_user_org_assoc_api_del_not_exist" time="1.034"></testcase><testcase classname="automation.test_cases.service.gatekeeper.test_gatekeeper_user_organization_assocation_api.TestGateUserAppAssocationAPI" name="test_user_org_assoc_api_delete" time="1.301"></testcase><testcase classname="automation.test_cases.service.gatekeeper.test_gatekeeper_user_organization_assocation_api.TestGateUserAppAssocationAPI" name="test_user_org_assoc_api_miss_params" time="1.441"></testcase><testcase classname="automation.test_cases.service.gatekeeper.test_gatekeeper_user_organization_assocation_api.TestGateUserAppAssocationAPI" name="test_user_org_assoc_api_no_data" time="0.711"></testcase><testcase classname="automation.test_cases.service.gatekeeper.test_gatekeeper_user_organization_assocation_api.TestGateUserAppAssocationAPI" name="test_user_org_assoc_api_no_update" time="1.166"></testcase><testcase classname="automation.test_cases.service.gatekeeper.test_gatekeeper_user_organization_assocation_api.TestGateUserAppAssocationAPI" name="test_user_org_assoc_api_read" time="1.393"></testcase><testcase classname="automation.test_cases.service.gatekeeper.test_gatekeeper_user_organization_assocation_api.TestGateUserAppAssocationAPI" name="test_user_org_assoc_api_read_no_data" time="0.602"></testcase><testcase classname="automation.test_cases.service.gatekeeper.test_gatekeeper_user_organization_assocation_api.TestGateUserAppAssocationAPI" name="test_user_org_assoc_api_read_not_exis" time="1.543"></testcase><testcase classname="automation.test_cases.service.gatekeeper.test_gatekeeper_user_organizations_listing.TestGateKeeperUsersOrgsListingAPI" name="test_user_orgs_api" time="0.909"></testcase><testcase classname="automation.test_cases.service.gatekeeper.test_gatekeeper_user_organizations_listing.TestGateKeeperUsersOrgsListingAPI" name="test_user_orgs_api_filter_invalid_data" time="1.427"></testcase><testcase classname="automation.test_cases.service.gatekeeper.test_gatekeeper_user_organizations_listing.TestGateKeeperUsersOrgsListingAPI" name="test_user_orgs_api_filter_no_data" time="1.713"></testcase><testcase classname="automation.test_cases.service.gatekeeper.test_gatekeeper_user_organizations_listing.TestGateKeeperUsersOrgsListingAPI" name="test_user_orgs_filter" time="1.726"></testcase><testcase classname="automation.test_cases.service.gatekeeper.test_gatekeeper_user_permission_assocation_api.TestGateGrpPermAssocationAPI" name="test_user_perm_ass_api_read_no_data" time="0.579"></testcase><testcase classname="automation.test_cases.service.gatekeeper.test_gatekeeper_user_permission_assocation_api.TestGateGrpPermAssocationAPI" name="test_user_perm_ass_api_read_not_exis" time="1.332"></testcase><testcase classname="automation.test_cases.service.gatekeeper.test_gatekeeper_user_permission_assocation_api.TestGateGrpPermAssocationAPI" name="test_user_perm_assoc_api_create" time="1.028"></testcase><testcase classname="automation.test_cases.service.gatekeeper.test_gatekeeper_user_permission_assocation_api.TestGateGrpPermAssocationAPI" name="test_user_perm_assoc_api_create_dup" time="1.123"></testcase><testcase classname="automation.test_cases.service.gatekeeper.test_gatekeeper_user_permission_assocation_api.TestGateGrpPermAssocationAPI" name="test_user_perm_assoc_api_del_no_data" time="0.671"></testcase><testcase classname="automation.test_cases.service.gatekeeper.test_gatekeeper_user_permission_assocation_api.TestGateGrpPermAssocationAPI" name="test_user_perm_assoc_api_del_not_exist" time="1.719"></testcase><testcase classname="automation.test_cases.service.gatekeeper.test_gatekeeper_user_permission_assocation_api.TestGateGrpPermAssocationAPI" name="test_user_perm_assoc_api_delete" time="1.596"></testcase><testcase classname="automation.test_cases.service.gatekeeper.test_gatekeeper_user_permission_assocation_api.TestGateGrpPermAssocationAPI" name="test_user_perm_assoc_api_miss_params" time="2.007"></testcase><testcase classname="automation.test_cases.service.gatekeeper.test_gatekeeper_user_permission_assocation_api.TestGateGrpPermAssocationAPI" name="test_user_perm_assoc_api_no_data" time="0.704"></testcase><testcase classname="automation.test_cases.service.gatekeeper.test_gatekeeper_user_permission_assocation_api.TestGateGrpPermAssocationAPI" name="test_user_perm_assoc_api_no_update" time="1.435"></testcase><testcase classname="automation.test_cases.service.gatekeeper.test_gatekeeper_user_permission_assocation_api.TestGateGrpPermAssocationAPI" name="test_user_perm_assoc_api_read" time="1.557"></testcase><testcase classname="automation.test_cases.service.gatekeeper.test_gatekeeper_user_permissions_listing.TestGateKeeperUsersGroupsListingAPI" name="test_user_perms_api" time="0.770"></testcase><testcase classname="automation.test_cases.service.gatekeeper.test_gatekeeper_user_permissions_listing.TestGateKeeperUsersGroupsListingAPI" name="test_user_perms_filter" time="1.737"></testcase><testcase classname="automation.test_cases.service.gatekeeper.test_gatekeeper_user_permissions_listing.TestGateKeeperUsersGroupsListingAPI" name="test_users_apps_api_filter_invalid_invalid_data" time="1.395"></testcase><testcase classname="automation.test_cases.service.gatekeeper.test_gatekeeper_user_permissions_listing.TestGateKeeperUsersGroupsListingAPI" name="test_users_apps_api_filter_invalid_no_data" time="1.627"></testcase><testcase classname="automation.test_cases.service.gatekeeper.test_gatekeeper_user_session_api.TestGateKeeperUserSessionAPI" name="test_user_session" time="0.732"></testcase><testcase classname="automation.test_cases.service.gatekeeper.test_gatekeeper_user_session_api.TestGateKeeperUserSessionAPI" name="test_user_session_app_filter_no_app" time="0.682"></testcase><testcase classname="automation.test_cases.service.gatekeeper.test_gatekeeper_user_session_api.TestGateKeeperUserSessionAPI" name="test_user_session_appfilter_invalid_app" time="0.669"></testcase><testcase classname="automation.test_cases.service.gatekeeper.test_gatekeeper_user_session_api.TestGateKeeperUserSessionAPI" name="test_user_session_invalid_cookie_value" time="0.670"></testcase><testcase classname="automation.test_cases.service.gatekeeper.test_gatekeeper_user_session_api.TestGateKeeperUserSessionAPI" name="test_user_session_no_cookie_id" time="0.664"></testcase><testcase classname="automation.test_cases.service.gatekeeper.test_gatekeeper_user_session_api.TestGateKeeperUserSessionAPI" name="test_user_session_with_app_filter" time="1.896"></testcase><testcase classname="automation.test_cases.service.gatekeeper.test_gatekeeper_user_session_api.TestGateKeeperUserSessionAPI" name="test_user_session_with_invalid_session" time="0.671"></testcase><testcase classname="automation.test_cases.service.gatekeeper.test_gatekeeper_users_api.TestGateUsersAPI" name="test_users_api" time="2.334"></testcase><testcase classname="automation.test_cases.service.gatekeeper.test_gatekeeper_users_api.TestGateUsersAPI" name="test_users_api_name_filter" time="1.027"></testcase><testcase classname="automation.test_cases.service.gatekeeper.test_gatekeeper_users_api.TestGateUsersAPI" name="test_users_api_name_filter_invalid_name" time="0.605"></testcase></testsuite>