<?xml version="1.0" encoding="UTF-8"?><testsuite name="nosetests" tests="16" errors="0" failures="0" skip="0"><testcase classname="automation.test_cases.service.screenwriter.pack_api_tests.ScreenWriterPacksAPI" name="test_edit" time="0.186"></testcase><testcase classname="automation.test_cases.service.screenwriter.pack_api_tests.ScreenWriterPacksAPI" name="test_edit_invalid" time="0.110"></testcase><testcase classname="automation.test_cases.service.screenwriter.pack_api_tests.ScreenWriterPacksAPI" name="test_find_pack" time="0.123"></testcase><testcase classname="automation.test_cases.service.screenwriter.pack_api_tests.ScreenWriterPacksAPI" name="test_find_pack_invalid" time="0.061"></testcase><testcase classname="automation.test_cases.service.screenwriter.pack_api_tests.ScreenWriterPacksAPI" name="test_pack_delete" time="0.074"></testcase><testcase classname="automation.test_cases.service.screenwriter.pack_api_tests.ScreenWriterPacksAPI" name="test_pack_name_exists" time="0.096"></testcase><testcase classname="automation.test_cases.service.screenwriter.pack_api_tests.ScreenWriterPacksAPI" name="test_pack_name_exists_invalid" time="0.021"></testcase><testcase classname="automation.test_cases.service.screenwriter.pack_api_tests.ScreenWriterPacksAPI" name="test_packs" time="0.116"></testcase><testcase classname="automation.test_cases.service.screenwriter.pack_api_tests.ScreenWriterPacksAPI" name="test_save_json_pack_optional_parms" time="0.115"><system-out><![CDATA[
]]></system-out></testcase><testcase classname="automation.test_cases.service.screenwriter.pack_api_tests.ScreenWriterPacksAPI" name="test_save_json_pack_optional_parms_individually" time="1.461"></testcase><testcase classname="automation.test_cases.service.screenwriter.pack_api_tests.ScreenWriterPacksAPI" name="test_save_pack_optional_params_invalid" time="0.052"></testcase><testcase classname="automation.test_cases.service.screenwriter.pack_api_tests.ScreenWriterPacksAPI" name="test_save_pack_required_params" time="0.082"></testcase><testcase classname="automation.test_cases.service.screenwriter.pack_api_tests.ScreenWriterPacksAPI" name="test_save_pack_required_params_edit_rate_none" time="0.085"></testcase><testcase classname="automation.test_cases.service.screenwriter.pack_api_tests.ScreenWriterPacksAPI" name="test_save_pack_required_params_invalid_title_uuid" time="0.019"></testcase><testcase classname="automation.test_cases.service.screenwriter.pack_api_tests.ScreenWriterPacksAPI" name="test_save_pack_required_params_no_clip" time="0.018"></testcase><testcase classname="automation.test_cases.service.screenwriter.pack_api_tests.ScreenWriterPacksAPI" name="test_save_pack_required_params_none" time="0.052"></testcase></testsuite>