<?xml version="1.0" encoding="UTF-8"?><testsuite name="nosetests" tests="16" errors="0" failures="0" skip="0"><testcase classname="automation.test_cases.service.screenwriter.pack_api_tests.ScreenWriterPacksAPI" name="test_edit" time="0.185"></testcase><testcase classname="automation.test_cases.service.screenwriter.pack_api_tests.ScreenWriterPacksAPI" name="test_edit_invalid" time="0.120"></testcase><testcase classname="automation.test_cases.service.screenwriter.pack_api_tests.ScreenWriterPacksAPI" name="test_find_pack" time="0.118"></testcase><testcase classname="automation.test_cases.service.screenwriter.pack_api_tests.ScreenWriterPacksAPI" name="test_find_pack_invalid" time="0.053"></testcase><testcase classname="automation.test_cases.service.screenwriter.pack_api_tests.ScreenWriterPacksAPI" name="test_pack_delete" time="0.076"></testcase><testcase classname="automation.test_cases.service.screenwriter.pack_api_tests.ScreenWriterPacksAPI" name="test_pack_name_exists" time="0.095"></testcase><testcase classname="automation.test_cases.service.screenwriter.pack_api_tests.ScreenWriterPacksAPI" name="test_pack_name_exists_invalid" time="0.020"></testcase><testcase classname="automation.test_cases.service.screenwriter.pack_api_tests.ScreenWriterPacksAPI" name="test_packs" time="0.088"></testcase><testcase classname="automation.test_cases.service.screenwriter.pack_api_tests.ScreenWriterPacksAPI" name="test_save_json_pack_optional_parms" time="0.111"><system-out><![CDATA[
]]></system-out></testcase><testcase classname="automation.test_cases.service.screenwriter.pack_api_tests.ScreenWriterPacksAPI" name="test_save_json_pack_optional_parms_individually" time="1.486"></testcase><testcase classname="automation.test_cases.service.screenwriter.pack_api_tests.ScreenWriterPacksAPI" name="test_save_pack_optional_params_invalid" time="0.051"></testcase><testcase classname="automation.test_cases.service.screenwriter.pack_api_tests.ScreenWriterPacksAPI" name="test_save_pack_required_params" time="0.077"></testcase><testcase classname="automation.test_cases.service.screenwriter.pack_api_tests.ScreenWriterPacksAPI" name="test_save_pack_required_params_edit_rate_none" time="0.090"></testcase><testcase classname="automation.test_cases.service.screenwriter.pack_api_tests.ScreenWriterPacksAPI" name="test_save_pack_required_params_invalid_title_uuid" time="0.018"></testcase><testcase classname="automation.test_cases.service.screenwriter.pack_api_tests.ScreenWriterPacksAPI" name="test_save_pack_required_params_no_clip" time="0.017"></testcase><testcase classname="automation.test_cases.service.screenwriter.pack_api_tests.ScreenWriterPacksAPI" name="test_save_pack_required_params_none" time="0.049"></testcase></testsuite>